<?xml version="1.0" encoding="UTF-8"?>
<!-- Generated by org.testng.reporters.JUnitReportReporter -->
<testsuite hostname="DESKTOP-FDRLP2V" name="com.appln.tests.SearchBusFunctionality" tests="1" failures="0" timestamp="1 May 2017 07:41:45 GMT" time="15.157" errors="0">
  <testcase name="searchBusTicket" time="15.157" classname="com.appln.tests.SearchBusFunctionality"/>
</testsuite> <!-- com.appln.tests.SearchBusFunctionality -->
